<?xml version="1.0" encoding="UTF-8"?>
<testsuite xmlns:xsi="http://www.w3.org/2001/XMLSchema-instance" xsi:noNamespaceSchemaLocation="https://maven.apache.org/surefire/maven-surefire-plugin/xsd/surefire-test-report.xsd" name="br.com.tddjava.tddjava.ProdutoTest" time="0.053" tests="2" errors="0" skipped="0" failures="0">
  <properties>
[...]
</properties>
  <testcase name="testGetValor" classname="br.com.tddjava.tddjava.ProdutoTest" time="0.025"/>
  <testcase name="testGetNome" classname="br.com.tddjava.tddjava.ProdutoTest" time="0"/>
</testsuite>